INFO  | 2021-09-14 22:50:30 | [main] javapractice.App (App.java:17) - Hello World Will Be Printed On Info
INFO  | 2021-09-14 22:50:30 | [main] javapractice.App (App.java:17) - Hello World Will Be Printed On Info
WARN  | 2021-09-14 22:50:30 | [main] javapractice.App (App.java:18) - Hello World Will Be Printed On Warn
WARN  | 2021-09-14 22:50:30 | [main] javapractice.App (App.java:18) - Hello World Will Be Printed On Warn
ERROR | 2021-09-14 22:50:30 | [main] javapractice.App (App.java:19) - Hello World Will Be Printed On Error
ERROR | 2021-09-14 22:50:30 | [main] javapractice.App (App.java:19) - Hello World Will Be Printed On Error
FATAL | 2021-09-14 22:50:30 | [main] javapractice.App (App.java:20) - Hello World Will Be Printed On Fatal
FATAL | 2021-09-14 22:50:30 | [main] javapractice.App (App.java:20) - Hello World Will Be Printed On Fatal
INFO  | 2021-09-14 22:50:30 | [main] javapractice.App (App.java:21) - Appendinng string: Hello World.
INFO  | 2021-09-14 22:50:30 | [main] javapractice.App (App.java:21) - Appendinng string: Hello World.
INFO  | 2021-09-14 22:50:50 | [main] javapractice.App (App.java:17) - Hello World Will Be Printed On Info
WARN  | 2021-09-14 22:50:50 | [main] javapractice.App (App.java:18) - Hello World Will Be Printed On Warn
ERROR | 2021-09-14 22:50:50 | [main] javapractice.App (App.java:19) - Hello World Will Be Printed On Error
FATAL | 2021-09-14 22:50:50 | [main] javapractice.App (App.java:20) - Hello World Will Be Printed On Fatal
INFO  | 2021-09-14 22:50:50 | [main] javapractice.App (App.java:21) - Appendinng string: Hello World.
INFO  | 2021-09-14 22:50:50 | [main] javapractice.App (App.java:17) - Hello World Will Be Printed On Info
WARN  | 2021-09-14 22:50:50 | [main] javapractice.App (App.java:18) - Hello World Will Be Printed On Warn
ERROR | 2021-09-14 22:50:50 | [main] javapractice.App (App.java:19) - Hello World Will Be Printed On Error
FATAL | 2021-09-14 22:50:50 | [main] javapractice.App (App.java:20) - Hello World Will Be Printed On Fatal
INFO  | 2021-09-14 22:50:50 | [main] javapractice.App (App.java:21) - Appendinng string: Hello World.
INFO  | 2021-09-14 22:50:51 | [main] javapractice.App (App.java:17) - Hello World Will Be Printed On Info
WARN  | 2021-09-14 22:50:51 | [main] javapractice.App (App.java:18) - Hello World Will Be Printed On Warn
ERROR | 2021-09-14 22:50:51 | [main] javapractice.App (App.java:19) - Hello World Will Be Printed On Error
FATAL | 2021-09-14 22:50:51 | [main] javapractice.App (App.java:20) - Hello World Will Be Printed On Fatal
INFO  | 2021-09-14 22:50:51 | [main] javapractice.App (App.java:21) - Appendinng string: Hello World.
DEBUG | 2021-09-14 22:58:19 | [main] javapractice.App (App.java:16) - Hello World Will Be Printed On Debug
INFO  | 2021-09-14 22:58:19 | [main] javapractice.App (App.java:17) - Hello World Will Be Printed On Info
WARN  | 2021-09-14 22:58:19 | [main] javapractice.App (App.java:18) - Hello World Will Be Printed On Warn
ERROR | 2021-09-14 22:58:19 | [main] javapractice.App (App.java:19) - Hello World Will Be Printed On Error
FATAL | 2021-09-14 22:58:19 | [main] javapractice.App (App.java:20) - Hello World Will Be Printed On Fatal
INFO  | 2021-09-14 22:58:19 | [main] javapractice.App (App.java:21) - Appendinng string: Hello World.
INFO  | 2021-09-14 22:59:10 | [main] javapractice.App (App.java:17) - Hello World Will Be Printed On Info
WARN  | 2021-09-14 22:59:10 | [main] javapractice.App (App.java:18) - Hello World Will Be Printed On Warn
ERROR | 2021-09-14 22:59:10 | [main] javapractice.App (App.java:19) - Hello World Will Be Printed On Error
FATAL | 2021-09-14 22:59:10 | [main] javapractice.App (App.java:20) - Hello World Will Be Printed On Fatal
INFO  | 2021-09-14 22:59:10 | [main] javapractice.App (App.java:21) - Appendinng string: Hello World.
INFO  | 2021-09-14 22:59:42 | [main] javapractice.App (App.java:17) - Hello World Will Be Printed On Info
WARN  | 2021-09-14 22:59:42 | [main] javapractice.App (App.java:18) - Hello World Will Be Printed On Warn
ERROR | 2021-09-14 22:59:42 | [main] javapractice.App (App.java:19) - Hello World Will Be Printed On Error
FATAL | 2021-09-14 22:59:42 | [main] javapractice.App (App.java:20) - Hello World Will Be Printed On Fatal
INFO  | 2021-09-14 22:59:42 | [main] javapractice.App (App.java:21) - Appendinng string: Hello World.
DEBUG | 2021-09-14 23:00:27 | [main] javapractice.App (App.java:16) - Hello World Will Be Printed On Debug
INFO  | 2021-09-14 23:00:27 | [main] javapractice.App (App.java:17) - Hello World Will Be Printed On Info
WARN  | 2021-09-14 23:00:27 | [main] javapractice.App (App.java:18) - Hello World Will Be Printed On Warn
ERROR | 2021-09-14 23:00:27 | [main] javapractice.App (App.java:19) - Hello World Will Be Printed On Error
FATAL | 2021-09-14 23:00:27 | [main] javapractice.App (App.java:20) - Hello World Will Be Printed On Fatal
INFO  | 2021-09-14 23:00:27 | [main] javapractice.App (App.java:21) - Appendinng string: Hello World.
